[20-Dec-2024 20:52:09 UTC] PHP Parse error:  syntax error, unexpected token "<", expecting end of file in C:\Users\Kardum\Local Sites\4ofthem-test\app\public\wp-content\plugins\movie-plugin\movie-plugin.php on line 312
[20-Dec-2024 20:52:09 UTC] PHP Parse error:  syntax error, unexpected token "<", expecting end of file in C:\Users\Kardum\Local Sites\4ofthem-test\app\public\wp-content\plugins\movie-plugin\movie-plugin.php on line 312
[20-Dec-2024 20:52:09 UTC] PHP Parse error:  syntax error, unexpected token "<", expecting end of file in C:\Users\Kardum\Local Sites\4ofthem-test\app\public\wp-content\plugins\movie-plugin\movie-plugin.php on line 312
[20-Dec-2024 20:52:11 UTC] PHP Parse error:  syntax error, unexpected token "<", expecting end of file in C:\Users\Kardum\Local Sites\4ofthem-test\app\public\wp-content\plugins\movie-plugin\movie-plugin.php on line 312
[20-Dec-2024 20:52:25 UTC] PHP Parse error:  syntax error, unexpected token "<", expecting end of file in C:\Users\Kardum\Local Sites\4ofthem-test\app\public\wp-content\plugins\movie-plugin\movie-plugin.php on line 312
[20-Dec-2024 21:11:52 UTC] PHP Parse error:  syntax error, unexpected token "<", expecting end of file in C:\Users\Kardum\Local Sites\4ofthem-test\app\public\wp-content\plugins\movie-plugin\movie-plugin.php on line 297
[20-Dec-2024 22:00:14 UTC] PHP Fatal error:  Uncaught Error: Undefined constant "MOVIE_POST_TYPE" in C:\Users\Kardum\Local Sites\4ofthem-test\app\public\wp-content\plugins\movie-plugin\movie-plugin.php:42
Stack trace:
#0 C:\Users\Kardum\Local Sites\4ofthem-test\app\public\wp-includes\class-wp-hook.php(324): mp_register_movie_post_type('')
#1 C:\Users\Kardum\Local Sites\4ofthem-test\app\public\wp-includes\class-wp-hook.php(348): WP_Hook->apply_filters(NULL, Array)
#2 C:\Users\Kardum\Local Sites\4ofthem-test\app\public\wp-includes\plugin.php(517): WP_Hook->do_action(Array)
#3 C:\Users\Kardum\Local Sites\4ofthem-test\app\public\wp-settings.php(704): do_action('init')
#4 C:\Users\Kardum\Local Sites\4ofthem-test\app\public\wp-config.php(103): require_once('C:\\Users\\Kardum...')
#5 C:\Users\Kardum\Local Sites\4ofthem-test\app\public\wp-load.php(50): require_once('C:\\Users\\Kardum...')
#6 C:\Users\Kardum\Local Sites\4ofthem-test\app\public\wp-blog-header.php(13): require_once('C:\\Users\\Kardum...')
#7 C:\Users\Kardum\Local Sites\4ofthem-test\app\public\index.php(17): require('C:\\Users\\Kardum...')
#8 {main}
  thrown in C:\Users\Kardum\Local Sites\4ofthem-test\app\public\wp-content\plugins\movie-plugin\movie-plugin.php on line 42
[20-Dec-2024 22:00:14 UTC] PHP Fatal error:  Uncaught Error: Undefined constant "MOVIE_POST_TYPE" in C:\Users\Kardum\Local Sites\4ofthem-test\app\public\wp-content\plugins\movie-plugin\movie-plugin.php:42
Stack trace:
#0 C:\Users\Kardum\Local Sites\4ofthem-test\app\public\wp-includes\class-wp-hook.php(324): mp_register_movie_post_type('')
#1 C:\Users\Kardum\Local Sites\4ofthem-test\app\public\wp-includes\class-wp-hook.php(348): WP_Hook->apply_filters(NULL, Array)
#2 C:\Users\Kardum\Local Sites\4ofthem-test\app\public\wp-includes\plugin.php(517): WP_Hook->do_action(Array)
#3 C:\Users\Kardum\Local Sites\4ofthem-test\app\public\wp-settings.php(704): do_action('init')
#4 C:\Users\Kardum\Local Sites\4ofthem-test\app\public\wp-config.php(103): require_once('C:\\Users\\Kardum...')
#5 C:\Users\Kardum\Local Sites\4ofthem-test\app\public\wp-load.php(50): require_once('C:\\Users\\Kardum...')
#6 C:\Users\Kardum\Local Sites\4ofthem-test\app\public\wp-blog-header.php(13): require_once('C:\\Users\\Kardum...')
#7 C:\Users\Kardum\Local Sites\4ofthem-test\app\public\index.php(17): require('C:\\Users\\Kardum...')
#8 {main}
  thrown in C:\Users\Kardum\Local Sites\4ofthem-test\app\public\wp-content\plugins\movie-plugin\movie-plugin.php on line 42
[20-Dec-2024 22:00:18 UTC] PHP Fatal error:  Uncaught Error: Undefined constant "MOVIE_POST_TYPE" in C:\Users\Kardum\Local Sites\4ofthem-test\app\public\wp-content\plugins\movie-plugin\movie-plugin.php:42
Stack trace:
#0 C:\Users\Kardum\Local Sites\4ofthem-test\app\public\wp-includes\class-wp-hook.php(324): mp_register_movie_post_type('')
#1 C:\Users\Kardum\Local Sites\4ofthem-test\app\public\wp-includes\class-wp-hook.php(348): WP_Hook->apply_filters(NULL, Array)
#2 C:\Users\Kardum\Local Sites\4ofthem-test\app\public\wp-includes\plugin.php(517): WP_Hook->do_action(Array)
#3 C:\Users\Kardum\Local Sites\4ofthem-test\app\public\wp-settings.php(704): do_action('init')
#4 C:\Users\Kardum\Local Sites\4ofthem-test\app\public\wp-config.php(103): require_once('C:\\Users\\Kardum...')
#5 C:\Users\Kardum\Local Sites\4ofthem-test\app\public\wp-load.php(50): require_once('C:\\Users\\Kardum...')
#6 C:\Users\Kardum\Local Sites\4ofthem-test\app\public\wp-blog-header.php(13): require_once('C:\\Users\\Kardum...')
#7 C:\Users\Kardum\Local Sites\4ofthem-test\app\public\index.php(17): require('C:\\Users\\Kardum...')
#8 {main}
  thrown in C:\Users\Kardum\Local Sites\4ofthem-test\app\public\wp-content\plugins\movie-plugin\movie-plugin.php on line 42
[20-Dec-2024 22:00:18 UTC] PHP Fatal error:  Uncaught Error: Undefined constant "MOVIE_POST_TYPE" in C:\Users\Kardum\Local Sites\4ofthem-test\app\public\wp-content\plugins\movie-plugin\movie-plugin.php:42
Stack trace:
#0 C:\Users\Kardum\Local Sites\4ofthem-test\app\public\wp-includes\class-wp-hook.php(324): mp_register_movie_post_type('')
#1 C:\Users\Kardum\Local Sites\4ofthem-test\app\public\wp-includes\class-wp-hook.php(348): WP_Hook->apply_filters(NULL, Array)
#2 C:\Users\Kardum\Local Sites\4ofthem-test\app\public\wp-includes\plugin.php(517): WP_Hook->do_action(Array)
#3 C:\Users\Kardum\Local Sites\4ofthem-test\app\public\wp-settings.php(704): do_action('init')
#4 C:\Users\Kardum\Local Sites\4ofthem-test\app\public\wp-config.php(103): require_once('C:\\Users\\Kardum...')
#5 C:\Users\Kardum\Local Sites\4ofthem-test\app\public\wp-load.php(50): require_once('C:\\Users\\Kardum...')
#6 C:\Users\Kardum\Local Sites\4ofthem-test\app\public\wp-admin\admin-ajax.php(22): require_once('C:\\Users\\Kardum...')
#7 {main}
  thrown in C:\Users\Kardum\Local Sites\4ofthem-test\app\public\wp-content\plugins\movie-plugin\movie-plugin.php on line 42
[20-Dec-2024 22:00:25 UTC] PHP Fatal error:  Uncaught Error: Undefined constant "MOVIE_POST_TYPE" in C:\Users\Kardum\Local Sites\4ofthem-test\app\public\wp-content\plugins\movie-plugin\movie-plugin.php:42
Stack trace:
#0 C:\Users\Kardum\Local Sites\4ofthem-test\app\public\wp-includes\class-wp-hook.php(324): mp_register_movie_post_type('')
#1 C:\Users\Kardum\Local Sites\4ofthem-test\app\public\wp-includes\class-wp-hook.php(348): WP_Hook->apply_filters(NULL, Array)
#2 C:\Users\Kardum\Local Sites\4ofthem-test\app\public\wp-includes\plugin.php(517): WP_Hook->do_action(Array)
#3 C:\Users\Kardum\Local Sites\4ofthem-test\app\public\wp-settings.php(704): do_action('init')
#4 C:\Users\Kardum\Local Sites\4ofthem-test\app\public\wp-config.php(103): require_once('C:\\Users\\Kardum...')
#5 C:\Users\Kardum\Local Sites\4ofthem-test\app\public\wp-load.php(50): require_once('C:\\Users\\Kardum...')
#6 C:\Users\Kardum\Local Sites\4ofthem-test\app\public\wp-admin\admin-ajax.php(22): require_once('C:\\Users\\Kardum...')
#7 {main}
  thrown in C:\Users\Kardum\Local Sites\4ofthem-test\app\public\wp-content\plugins\movie-plugin\movie-plugin.php on line 42
[20-Dec-2024 22:00:34 UTC] PHP Fatal error:  Uncaught Error: Undefined constant "MOVIE_POST_TYPE" in C:\Users\Kardum\Local Sites\4ofthem-test\app\public\wp-content\plugins\movie-plugin\movie-plugin.php:42
Stack trace:
#0 C:\Users\Kardum\Local Sites\4ofthem-test\app\public\wp-includes\class-wp-hook.php(324): mp_register_movie_post_type('')
#1 C:\Users\Kardum\Local Sites\4ofthem-test\app\public\wp-includes\class-wp-hook.php(348): WP_Hook->apply_filters(NULL, Array)
#2 C:\Users\Kardum\Local Sites\4ofthem-test\app\public\wp-includes\plugin.php(517): WP_Hook->do_action(Array)
#3 C:\Users\Kardum\Local Sites\4ofthem-test\app\public\wp-settings.php(704): do_action('init')
#4 C:\Users\Kardum\Local Sites\4ofthem-test\app\public\wp-config.php(103): require_once('C:\\Users\\Kardum...')
#5 C:\Users\Kardum\Local Sites\4ofthem-test\app\public\wp-load.php(50): require_once('C:\\Users\\Kardum...')
#6 C:\Users\Kardum\Local Sites\4ofthem-test\app\public\wp-admin\admin-ajax.php(22): require_once('C:\\Users\\Kardum...')
#7 {main}
  thrown in C:\Users\Kardum\Local Sites\4ofthem-test\app\public\wp-content\plugins\movie-plugin\movie-plugin.php on line 42
[20-Dec-2024 22:01:12 UTC] PHP Fatal error:  Cannot redeclare mp_filter_movies_callback() (previously declared in C:\Users\Kardum\Local Sites\4ofthem-test\app\public\wp-content\plugins\movie-plugin\movie-plugin.php:283) in C:\Users\Kardum\Local Sites\4ofthem-test\app\public\wp-content\plugins\movie-plugin\movie-plugin.php on line 231
[20-Dec-2024 22:06:15 UTC] PHP Fatal error:  Cannot redeclare mp_filter_movies_callback() (previously declared in C:\Users\Kardum\Local Sites\4ofthem-test\app\public\wp-content\plugins\movie-plugin\movie-plugin.php:283) in C:\Users\Kardum\Local Sites\4ofthem-test\app\public\wp-content\plugins\movie-plugin\movie-plugin.php on line 231
[20-Dec-2024 22:09:18 UTC] PHP Fatal error:  Cannot redeclare mp_filter_movies_callback() (previously declared in C:\Users\Kardum\Local Sites\4ofthem-test\app\public\wp-content\plugins\movie-plugin\movie-plugin.php:283) in C:\Users\Kardum\Local Sites\4ofthem-test\app\public\wp-content\plugins\movie-plugin\movie-plugin.php on line 231
[20-Dec-2024 22:09:18 UTC] PHP Fatal error:  Cannot redeclare mp_filter_movies_callback() (previously declared in C:\Users\Kardum\Local Sites\4ofthem-test\app\public\wp-content\plugins\movie-plugin\movie-plugin.php:283) in C:\Users\Kardum\Local Sites\4ofthem-test\app\public\wp-content\plugins\movie-plugin\movie-plugin.php on line 231
[20-Dec-2024 22:09:19 UTC] PHP Fatal error:  Cannot redeclare mp_filter_movies_callback() (previously declared in C:\Users\Kardum\Local Sites\4ofthem-test\app\public\wp-content\plugins\movie-plugin\movie-plugin.php:283) in C:\Users\Kardum\Local Sites\4ofthem-test\app\public\wp-content\plugins\movie-plugin\movie-plugin.php on line 231
[20-Dec-2024 22:10:02 UTC] PHP Fatal error:  Cannot redeclare mp_filter_movies_callback() (previously declared in C:\Users\Kardum\Local Sites\4ofthem-test\app\public\wp-content\plugins\movie-plugin\movie-plugin.php:283) in C:\Users\Kardum\Local Sites\4ofthem-test\app\public\wp-content\plugins\movie-plugin\movie-plugin.php on line 231
[20-Dec-2024 22:11:16 UTC] PHP Fatal error:  Cannot redeclare mp_filter_movies_callback() (previously declared in C:\Users\Kardum\Local Sites\4ofthem-test\app\public\wp-content\plugins\movie-plugin\movie-plugin.php:283) in C:\Users\Kardum\Local Sites\4ofthem-test\app\public\wp-content\plugins\movie-plugin\movie-plugin.php on line 231
[20-Dec-2024 22:11:38 UTC] PHP Fatal error:  Cannot redeclare mp_filter_movies_callback() (previously declared in C:\Users\Kardum\Local Sites\4ofthem-test\app\public\wp-content\plugins\movie-plugin\movie-plugin.php:283) in C:\Users\Kardum\Local Sites\4ofthem-test\app\public\wp-content\plugins\movie-plugin\movie-plugin.php on line 231
[20-Dec-2024 22:17:37 UTC] PHP Fatal error:  Cannot redeclare mp_filter_movies_callback() (previously declared in C:\Users\Kardum\Local Sites\4ofthem-test\app\public\wp-content\plugins\movie-plugin\movie-plugin.php:283) in C:\Users\Kardum\Local Sites\4ofthem-test\app\public\wp-content\plugins\movie-plugin\movie-plugin.php on line 231
[20-Dec-2024 22:17:38 UTC] PHP Fatal error:  Cannot redeclare mp_filter_movies_callback() (previously declared in C:\Users\Kardum\Local Sites\4ofthem-test\app\public\wp-content\plugins\movie-plugin\movie-plugin.php:283) in C:\Users\Kardum\Local Sites\4ofthem-test\app\public\wp-content\plugins\movie-plugin\movie-plugin.php on line 231
[20-Dec-2024 22:17:42 UTC] PHP Fatal error:  Cannot redeclare mp_filter_movies_callback() (previously declared in C:\Users\Kardum\Local Sites\4ofthem-test\app\public\wp-content\plugins\movie-plugin\movie-plugin.php:283) in C:\Users\Kardum\Local Sites\4ofthem-test\app\public\wp-content\plugins\movie-plugin\movie-plugin.php on line 231
[20-Dec-2024 22:22:29 UTC] PHP Fatal error:  Cannot redeclare mp_filter_movies_callback() (previously declared in C:\Users\Kardum\Local Sites\4ofthem-test\app\public\wp-content\plugins\movie-plugin\movie-plugin.php:283) in C:\Users\Kardum\Local Sites\4ofthem-test\app\public\wp-content\plugins\movie-plugin\movie-plugin.php on line 231
[20-Dec-2024 22:26:59 UTC] PHP Fatal error:  Cannot redeclare mp_filter_movies_callback() (previously declared in C:\Users\Kardum\Local Sites\4ofthem-test\app\public\wp-content\plugins\movie-plugin\movie-plugin.php:283) in C:\Users\Kardum\Local Sites\4ofthem-test\app\public\wp-content\plugins\movie-plugin\movie-plugin.php on line 231
[20-Dec-2024 22:27:08 UTC] PHP Fatal error:  Cannot redeclare mp_filter_movies_callback() (previously declared in C:\Users\Kardum\Local Sites\4ofthem-test\app\public\wp-content\plugins\movie-plugin\movie-plugin.php:283) in C:\Users\Kardum\Local Sites\4ofthem-test\app\public\wp-content\plugins\movie-plugin\movie-plugin.php on line 231
[20-Dec-2024 22:33:06 UTC] PHP Fatal error:  Uncaught Error: Undefined constant "MOVIE_PLUGIN_NAMESPACE" in C:\Users\Kardum\Local Sites\4ofthem-test\app\public\wp-content\plugins\movie-plugin\movie-plugin.php:4
Stack trace:
#0 C:\Users\Kardum\Local Sites\4ofthem-test\app\public\wp-settings.php(526): include_once()
#1 C:\Users\Kardum\Local Sites\4ofthem-test\app\public\wp-config.php(103): require_once('C:\\Users\\Kardum...')
#2 C:\Users\Kardum\Local Sites\4ofthem-test\app\public\wp-load.php(50): require_once('C:\\Users\\Kardum...')
#3 C:\Users\Kardum\Local Sites\4ofthem-test\app\public\wp-admin\admin-ajax.php(22): require_once('C:\\Users\\Kardum...')
#4 {main}
  thrown in C:\Users\Kardum\Local Sites\4ofthem-test\app\public\wp-content\plugins\movie-plugin\movie-plugin.php on line 4
[20-Dec-2024 22:33:06 UTC] PHP Fatal error:  Uncaught Error: Undefined constant "MOVIE_PLUGIN_NAMESPACE" in C:\Users\Kardum\Local Sites\4ofthem-test\app\public\wp-content\plugins\movie-plugin\movie-plugin.php:4
Stack trace:
#0 C:\Users\Kardum\Local Sites\4ofthem-test\app\public\wp-settings.php(526): include_once()
#1 C:\Users\Kardum\Local Sites\4ofthem-test\app\public\wp-config.php(103): require_once('C:\\Users\\Kardum...')
#2 C:\Users\Kardum\Local Sites\4ofthem-test\app\public\wp-load.php(50): require_once('C:\\Users\\Kardum...')
#3 C:\Users\Kardum\Local Sites\4ofthem-test\app\public\wp-blog-header.php(13): require_once('C:\\Users\\Kardum...')
#4 C:\Users\Kardum\Local Sites\4ofthem-test\app\public\index.php(17): require('C:\\Users\\Kardum...')
#5 {main}
  thrown in C:\Users\Kardum\Local Sites\4ofthem-test\app\public\wp-content\plugins\movie-plugin\movie-plugin.php on line 4
[20-Dec-2024 22:33:07 UTC] PHP Fatal error:  Uncaught Error: Undefined constant "MOVIE_PLUGIN_NAMESPACE" in C:\Users\Kardum\Local Sites\4ofthem-test\app\public\wp-content\plugins\movie-plugin\movie-plugin.php:4
Stack trace:
#0 C:\Users\Kardum\Local Sites\4ofthem-test\app\public\wp-settings.php(526): include_once()
#1 C:\Users\Kardum\Local Sites\4ofthem-test\app\public\wp-config.php(103): require_once('C:\\Users\\Kardum...')
#2 C:\Users\Kardum\Local Sites\4ofthem-test\app\public\wp-load.php(50): require_once('C:\\Users\\Kardum...')
#3 C:\Users\Kardum\Local Sites\4ofthem-test\app\public\wp-admin\admin-ajax.php(22): require_once('C:\\Users\\Kardum...')
#4 {main}
  thrown in C:\Users\Kardum\Local Sites\4ofthem-test\app\public\wp-content\plugins\movie-plugin\movie-plugin.php on line 4
[20-Dec-2024 22:33:09 UTC] PHP Fatal error:  Uncaught Error: Undefined constant "MOVIE_PLUGIN_NAMESPACE" in C:\Users\Kardum\Local Sites\4ofthem-test\app\public\wp-content\plugins\movie-plugin\movie-plugin.php:4
Stack trace:
#0 C:\Users\Kardum\Local Sites\4ofthem-test\app\public\wp-settings.php(526): include_once()
#1 C:\Users\Kardum\Local Sites\4ofthem-test\app\public\wp-config.php(103): require_once('C:\\Users\\Kardum...')
#2 C:\Users\Kardum\Local Sites\4ofthem-test\app\public\wp-load.php(50): require_once('C:\\Users\\Kardum...')
#3 C:\Users\Kardum\Local Sites\4ofthem-test\app\public\wp-blog-header.php(13): require_once('C:\\Users\\Kardum...')
#4 C:\Users\Kardum\Local Sites\4ofthem-test\app\public\index.php(17): require('C:\\Users\\Kardum...')
#5 {main}
  thrown in C:\Users\Kardum\Local Sites\4ofthem-test\app\public\wp-content\plugins\movie-plugin\movie-plugin.php on line 4
[20-Dec-2024 22:33:09 UTC] PHP Fatal error:  Uncaught Error: Undefined constant "MOVIE_PLUGIN_NAMESPACE" in C:\Users\Kardum\Local Sites\4ofthem-test\app\public\wp-content\plugins\movie-plugin\movie-plugin.php:4
Stack trace:
#0 C:\Users\Kardum\Local Sites\4ofthem-test\app\public\wp-settings.php(526): include_once()
#1 C:\Users\Kardum\Local Sites\4ofthem-test\app\public\wp-config.php(103): require_once('C:\\Users\\Kardum...')
#2 C:\Users\Kardum\Local Sites\4ofthem-test\app\public\wp-load.php(50): require_once('C:\\Users\\Kardum...')
#3 C:\Users\Kardum\Local Sites\4ofthem-test\app\public\wp-blog-header.php(13): require_once('C:\\Users\\Kardum...')
#4 C:\Users\Kardum\Local Sites\4ofthem-test\app\public\index.php(17): require('C:\\Users\\Kardum...')
#5 {main}
  thrown in C:\Users\Kardum\Local Sites\4ofthem-test\app\public\wp-content\plugins\movie-plugin\movie-plugin.php on line 4
[20-Dec-2024 22:33:22 UTC] PHP Fatal error:  Uncaught Error: Undefined constant "MOVIE_PLUGIN_NAMESPACE" in C:\Users\Kardum\Local Sites\4ofthem-test\app\public\wp-content\plugins\movie-plugin\movie-plugin.php:4
Stack trace:
#0 C:\Users\Kardum\Local Sites\4ofthem-test\app\public\wp-settings.php(526): include_once()
#1 C:\Users\Kardum\Local Sites\4ofthem-test\app\public\wp-config.php(103): require_once('C:\\Users\\Kardum...')
#2 C:\Users\Kardum\Local Sites\4ofthem-test\app\public\wp-load.php(50): require_once('C:\\Users\\Kardum...')
#3 C:\Users\Kardum\Local Sites\4ofthem-test\app\public\wp-admin\admin-ajax.php(22): require_once('C:\\Users\\Kardum...')
#4 {main}
  thrown in C:\Users\Kardum\Local Sites\4ofthem-test\app\public\wp-content\plugins\movie-plugin\movie-plugin.php on line 4
[20-Dec-2024 22:33:59 UTC] PHP Fatal error:  Cannot redeclare mp_filter_movies_callback() (previously declared in C:\Users\Kardum\Local Sites\4ofthem-test\app\public\wp-content\plugins\movie-plugin\movie-plugin.php:283) in C:\Users\Kardum\Local Sites\4ofthem-test\app\public\wp-content\plugins\movie-plugin\movie-plugin.php on line 231
[20-Dec-2024 22:34:13 UTC] PHP Fatal error:  Cannot redeclare mp_filter_movies_callback() (previously declared in C:\Users\Kardum\Local Sites\4ofthem-test\app\public\wp-content\plugins\movie-plugin\movie-plugin.php:283) in C:\Users\Kardum\Local Sites\4ofthem-test\app\public\wp-content\plugins\movie-plugin\movie-plugin.php on line 231
[20-Dec-2024 22:35:05 UTC] PHP Deprecated:  File Theme without header.php is <strong>deprecated</strong> since version 3.0.0 with no alternative available. Please include a header.php template in your theme. in C:\Users\Kardum\Local Sites\4ofthem-test\app\public\wp-includes\functions.php on line 6114
[20-Dec-2024 22:35:06 UTC] PHP Deprecated:  File Theme without footer.php is <strong>deprecated</strong> since version 3.0.0 with no alternative available. Please include a footer.php template in your theme. in C:\Users\Kardum\Local Sites\4ofthem-test\app\public\wp-includes\functions.php on line 6114
[20-Dec-2024 22:35:23 UTC] PHP Fatal error:  Cannot redeclare mp_filter_movies_callback() (previously declared in C:\Users\Kardum\Local Sites\4ofthem-test\app\public\wp-content\plugins\movie-plugin\movie-plugin.php:283) in C:\Users\Kardum\Local Sites\4ofthem-test\app\public\wp-content\plugins\movie-plugin\movie-plugin.php on line 231
[20-Dec-2024 22:38:49 UTC] PHP Deprecated:  File Theme without header.php is <strong>deprecated</strong> since version 3.0.0 with no alternative available. Please include a header.php template in your theme. in C:\Users\Kardum\Local Sites\4ofthem-test\app\public\wp-includes\functions.php on line 6114
[20-Dec-2024 22:38:49 UTC] PHP Deprecated:  File Theme without footer.php is <strong>deprecated</strong> since version 3.0.0 with no alternative available. Please include a footer.php template in your theme. in C:\Users\Kardum\Local Sites\4ofthem-test\app\public\wp-includes\functions.php on line 6114
[20-Dec-2024 22:40:09 UTC] PHP Parse error:  Unclosed '{' on line 284 in C:\Users\Kardum\Local Sites\4ofthem-test\app\public\wp-content\plugins\movie-plugin\movie-plugin.php on line 417
[20-Dec-2024 22:40:09 UTC] PHP Parse error:  Unclosed '{' on line 284 in C:\Users\Kardum\Local Sites\4ofthem-test\app\public\wp-content\plugins\movie-plugin\movie-plugin.php on line 417
[20-Dec-2024 22:40:10 UTC] PHP Parse error:  Unclosed '{' on line 284 in C:\Users\Kardum\Local Sites\4ofthem-test\app\public\wp-content\plugins\movie-plugin\movie-plugin.php on line 417
[20-Dec-2024 22:40:10 UTC] PHP Parse error:  Unclosed '{' on line 284 in C:\Users\Kardum\Local Sites\4ofthem-test\app\public\wp-content\plugins\movie-plugin\movie-plugin.php on line 417
[20-Dec-2024 22:40:11 UTC] PHP Parse error:  Unclosed '{' on line 284 in C:\Users\Kardum\Local Sites\4ofthem-test\app\public\wp-content\plugins\movie-plugin\movie-plugin.php on line 417
[20-Dec-2024 22:40:11 UTC] PHP Parse error:  Unclosed '{' on line 284 in C:\Users\Kardum\Local Sites\4ofthem-test\app\public\wp-content\plugins\movie-plugin\movie-plugin.php on line 417
[20-Dec-2024 22:40:11 UTC] PHP Parse error:  Unclosed '{' on line 284 in C:\Users\Kardum\Local Sites\4ofthem-test\app\public\wp-content\plugins\movie-plugin\movie-plugin.php on line 417
[20-Dec-2024 22:40:14 UTC] PHP Parse error:  Unclosed '{' on line 284 in C:\Users\Kardum\Local Sites\4ofthem-test\app\public\wp-content\plugins\movie-plugin\movie-plugin.php on line 417
[20-Dec-2024 22:40:15 UTC] PHP Parse error:  Unclosed '{' on line 284 in C:\Users\Kardum\Local Sites\4ofthem-test\app\public\wp-content\plugins\movie-plugin\movie-plugin.php on line 417
[20-Dec-2024 22:40:18 UTC] PHP Parse error:  Unclosed '{' on line 284 in C:\Users\Kardum\Local Sites\4ofthem-test\app\public\wp-content\plugins\movie-plugin\movie-plugin.php on line 417
[20-Dec-2024 22:40:25 UTC] PHP Parse error:  Unclosed '{' on line 284 in C:\Users\Kardum\Local Sites\4ofthem-test\app\public\wp-content\plugins\movie-plugin\movie-plugin.php on line 417
[20-Dec-2024 22:40:42 UTC] PHP Deprecated:  File Theme without header.php is <strong>deprecated</strong> since version 3.0.0 with no alternative available. Please include a header.php template in your theme. in C:\Users\Kardum\Local Sites\4ofthem-test\app\public\wp-includes\functions.php on line 6114
[20-Dec-2024 22:40:42 UTC] PHP Deprecated:  File Theme without footer.php is <strong>deprecated</strong> since version 3.0.0 with no alternative available. Please include a footer.php template in your theme. in C:\Users\Kardum\Local Sites\4ofthem-test\app\public\wp-includes\functions.php on line 6114
[20-Dec-2024 22:44:27 UTC] PHP Deprecated:  File Theme without header.php is <strong>deprecated</strong> since version 3.0.0 with no alternative available. Please include a header.php template in your theme. in C:\Users\Kardum\Local Sites\4ofthem-test\app\public\wp-includes\functions.php on line 6114
[20-Dec-2024 22:44:27 UTC] PHP Deprecated:  File Theme without footer.php is <strong>deprecated</strong> since version 3.0.0 with no alternative available. Please include a footer.php template in your theme. in C:\Users\Kardum\Local Sites\4ofthem-test\app\public\wp-includes\functions.php on line 6114
[20-Dec-2024 22:53:01 UTC] PHP Fatal error:  Uncaught Error: Call to undefined function the_field() in C:\Users\Kardum\Local Sites\4ofthem-test\app\public\wp-content\plugins\movie-plugin\templates\single-movie.php:7
Stack trace:
#0 C:\Users\Kardum\Local Sites\4ofthem-test\app\public\wp-includes\template-loader.php(106): include()
#1 C:\Users\Kardum\Local Sites\4ofthem-test\app\public\wp-blog-header.php(19): require_once('C:\\Users\\Kardum...')
#2 C:\Users\Kardum\Local Sites\4ofthem-test\app\public\index.php(17): require('C:\\Users\\Kardum...')
#3 {main}
  thrown in C:\Users\Kardum\Local Sites\4ofthem-test\app\public\wp-content\plugins\movie-plugin\templates\single-movie.php on line 7
[20-Dec-2024 22:53:10 UTC] PHP Deprecated:  File Theme without header.php is <strong>deprecated</strong> since version 3.0.0 with no alternative available. Please include a header.php template in your theme. in C:\Users\Kardum\Local Sites\4ofthem-test\app\public\wp-includes\functions.php on line 6114
[20-Dec-2024 22:53:10 UTC] PHP Deprecated:  File Theme without footer.php is <strong>deprecated</strong> since version 3.0.0 with no alternative available. Please include a footer.php template in your theme. in C:\Users\Kardum\Local Sites\4ofthem-test\app\public\wp-includes\functions.php on line 6114
[20-Dec-2024 23:00:03 UTC] PHP Deprecated:  File Theme without header.php is <strong>deprecated</strong> since version 3.0.0 with no alternative available. Please include a header.php template in your theme. in C:\Users\Kardum\Local Sites\4ofthem-test\app\public\wp-includes\functions.php on line 6114
[20-Dec-2024 23:00:03 UTC] PHP Deprecated:  File Theme without footer.php is <strong>deprecated</strong> since version 3.0.0 with no alternative available. Please include a footer.php template in your theme. in C:\Users\Kardum\Local Sites\4ofthem-test\app\public\wp-includes\functions.php on line 6114
[20-Dec-2024 23:01:08 UTC] PHP Deprecated:  File Theme without header.php is <strong>deprecated</strong> since version 3.0.0 with no alternative available. Please include a header.php template in your theme. in C:\Users\Kardum\Local Sites\4ofthem-test\app\public\wp-includes\functions.php on line 6114
[20-Dec-2024 23:01:08 UTC] PHP Deprecated:  File Theme without footer.php is <strong>deprecated</strong> since version 3.0.0 with no alternative available. Please include a footer.php template in your theme. in C:\Users\Kardum\Local Sites\4ofthem-test\app\public\wp-includes\functions.php on line 6114
[20-Dec-2024 23:01:36 UTC] PHP Deprecated:  File Theme without header.php is <strong>deprecated</strong> since version 3.0.0 with no alternative available. Please include a header.php template in your theme. in C:\Users\Kardum\Local Sites\4ofthem-test\app\public\wp-includes\functions.php on line 6114
[20-Dec-2024 23:01:36 UTC] PHP Deprecated:  File Theme without footer.php is <strong>deprecated</strong> since version 3.0.0 with no alternative available. Please include a footer.php template in your theme. in C:\Users\Kardum\Local Sites\4ofthem-test\app\public\wp-includes\functions.php on line 6114
[20-Dec-2024 23:02:03 UTC] PHP Deprecated:  File Theme without header.php is <strong>deprecated</strong> since version 3.0.0 with no alternative available. Please include a header.php template in your theme. in C:\Users\Kardum\Local Sites\4ofthem-test\app\public\wp-includes\functions.php on line 6114
[20-Dec-2024 23:02:03 UTC] PHP Deprecated:  File Theme without footer.php is <strong>deprecated</strong> since version 3.0.0 with no alternative available. Please include a footer.php template in your theme. in C:\Users\Kardum\Local Sites\4ofthem-test\app\public\wp-includes\functions.php on line 6114
[20-Dec-2024 23:03:32 UTC] PHP Deprecated:  File Theme without header.php is <strong>deprecated</strong> since version 3.0.0 with no alternative available. Please include a header.php template in your theme. in C:\Users\Kardum\Local Sites\4ofthem-test\app\public\wp-includes\functions.php on line 6114
[20-Dec-2024 23:03:32 UTC] PHP Deprecated:  File Theme without footer.php is <strong>deprecated</strong> since version 3.0.0 with no alternative available. Please include a footer.php template in your theme. in C:\Users\Kardum\Local Sites\4ofthem-test\app\public\wp-includes\functions.php on line 6114
[20-Dec-2024 23:03:42 UTC] PHP Deprecated:  File Theme without header.php is <strong>deprecated</strong> since version 3.0.0 with no alternative available. Please include a header.php template in your theme. in C:\Users\Kardum\Local Sites\4ofthem-test\app\public\wp-includes\functions.php on line 6114
[20-Dec-2024 23:03:42 UTC] PHP Deprecated:  File Theme without footer.php is <strong>deprecated</strong> since version 3.0.0 with no alternative available. Please include a footer.php template in your theme. in C:\Users\Kardum\Local Sites\4ofthem-test\app\public\wp-includes\functions.php on line 6114
[20-Dec-2024 23:04:08 UTC] PHP Deprecated:  File Theme without header.php is <strong>deprecated</strong> since version 3.0.0 with no alternative available. Please include a header.php template in your theme. in C:\Users\Kardum\Local Sites\4ofthem-test\app\public\wp-includes\functions.php on line 6114
[20-Dec-2024 23:04:08 UTC] PHP Deprecated:  File Theme without footer.php is <strong>deprecated</strong> since version 3.0.0 with no alternative available. Please include a footer.php template in your theme. in C:\Users\Kardum\Local Sites\4ofthem-test\app\public\wp-includes\functions.php on line 6114
[20-Dec-2024 23:05:22 UTC] PHP Deprecated:  File Theme without header.php is <strong>deprecated</strong> since version 3.0.0 with no alternative available. Please include a header.php template in your theme. in C:\Users\Kardum\Local Sites\4ofthem-test\app\public\wp-includes\functions.php on line 6114
[20-Dec-2024 23:05:22 UTC] PHP Deprecated:  File Theme without footer.php is <strong>deprecated</strong> since version 3.0.0 with no alternative available. Please include a footer.php template in your theme. in C:\Users\Kardum\Local Sites\4ofthem-test\app\public\wp-includes\functions.php on line 6114
[20-Dec-2024 23:08:25 UTC] PHP Warning:  wp_version_check(): An unexpected error occurred. Something may be wrong with WordPress.org or this server&#8217;s configuration. If you continue to have problems, please try the <a href="https://wordpress.org/support/forums/">support forums</a>. (WordPress could not establish a secure connection to WordPress.org. Please contact your server administrator.) in C:\Users\Kardum\Local Sites\4ofthem-test\app\public\wp-includes\functions.php on line 6114
[20-Dec-2024 23:08:28 UTC] PHP Deprecated:  File Theme without header.php is <strong>deprecated</strong> since version 3.0.0 with no alternative available. Please include a header.php template in your theme. in C:\Users\Kardum\Local Sites\4ofthem-test\app\public\wp-includes\functions.php on line 6114
[20-Dec-2024 23:08:28 UTC] PHP Deprecated:  File Theme without footer.php is <strong>deprecated</strong> since version 3.0.0 with no alternative available. Please include a footer.php template in your theme. in C:\Users\Kardum\Local Sites\4ofthem-test\app\public\wp-includes\functions.php on line 6114
[20-Dec-2024 23:08:38 UTC] PHP Deprecated:  File Theme without header.php is <strong>deprecated</strong> since version 3.0.0 with no alternative available. Please include a header.php template in your theme. in C:\Users\Kardum\Local Sites\4ofthem-test\app\public\wp-includes\functions.php on line 6114
[20-Dec-2024 23:08:38 UTC] PHP Deprecated:  File Theme without footer.php is <strong>deprecated</strong> since version 3.0.0 with no alternative available. Please include a footer.php template in your theme. in C:\Users\Kardum\Local Sites\4ofthem-test\app\public\wp-includes\functions.php on line 6114
[20-Dec-2024 23:08:41 UTC] PHP Deprecated:  File Theme without header.php is <strong>deprecated</strong> since version 3.0.0 with no alternative available. Please include a header.php template in your theme. in C:\Users\Kardum\Local Sites\4ofthem-test\app\public\wp-includes\functions.php on line 6114
[20-Dec-2024 23:08:41 UTC] PHP Deprecated:  File Theme without footer.php is <strong>deprecated</strong> since version 3.0.0 with no alternative available. Please include a footer.php template in your theme. in C:\Users\Kardum\Local Sites\4ofthem-test\app\public\wp-includes\functions.php on line 6114
[20-Dec-2024 23:08:59 UTC] PHP Warning:  Failed loading Zend extension 'php_opcache.dll' (tried: C:/Users/Kardum/AppData/Roaming/Local/lightning-services/php-7.4.30+6/bin/win64/ext\php_opcache.dll (The specified module could not be found), C:/Users/Kardum/AppData/Roaming/Local/lightning-services/php-7.4.30+6/bin/win64/ext\php_php_opcache.dll.dll (The specified module could not be found)) in Unknown on line 0
[20-Dec-2024 23:08:59 UTC] PHP Warning:  Failed loading Zend extension 'php_xdebug.dll' (tried: C:/Users/Kardum/AppData/Roaming/Local/lightning-services/php-7.4.30+6/bin/win64/ext\php_xdebug.dll (The specified module could not be found), C:/Users/Kardum/AppData/Roaming/Local/lightning-services/php-7.4.30+6/bin/win64/ext\php_php_xdebug.dll.dll (The specified module could not be found)) in Unknown on line 0
[20-Dec-2024 23:08:59 UTC] PHP Warning:  PHP Startup: Unable to load dynamic library 'php_fileinfo.dll' (tried: C:/Users/Kardum/AppData/Roaming/Local/lightning-services/php-7.4.30+6/bin/win64/ext\php_fileinfo.dll (The specified module could not be found), C:/Users/Kardum/AppData/Roaming/Local/lightning-services/php-7.4.30+6/bin/win64/ext\php_php_fileinfo.dll.dll (The specified module could not be found)) in Unknown on line 0
[20-Dec-2024 23:08:59 UTC] PHP Warning:  PHP Startup: Unable to load dynamic library 'php_curl.dll' (tried: C:/Users/Kardum/AppData/Roaming/Local/lightning-services/php-7.4.30+6/bin/win64/ext\php_curl.dll (The specified module could not be found), C:/Users/Kardum/AppData/Roaming/Local/lightning-services/php-7.4.30+6/bin/win64/ext\php_php_curl.dll.dll (The specified module could not be found)) in Unknown on line 0
[20-Dec-2024 23:08:59 UTC] PHP Warning:  PHP Startup: Unable to load dynamic library 'php_gettext.dll' (tried: C:/Users/Kardum/AppData/Roaming/Local/lightning-services/php-7.4.30+6/bin/win64/ext\php_gettext.dll (The specified module could not be found), C:/Users/Kardum/AppData/Roaming/Local/lightning-services/php-7.4.30+6/bin/win64/ext\php_php_gettext.dll.dll (The specified module could not be found)) in Unknown on line 0
[20-Dec-2024 23:08:59 UTC] PHP Warning:  PHP Startup: Unable to load dynamic library 'php_openssl.dll' (tried: C:/Users/Kardum/AppData/Roaming/Local/lightning-services/php-7.4.30+6/bin/win64/ext\php_openssl.dll (The specified module could not be found), C:/Users/Kardum/AppData/Roaming/Local/lightning-services/php-7.4.30+6/bin/win64/ext\php_php_openssl.dll.dll (The specified module could not be found)) in Unknown on line 0
[20-Dec-2024 23:08:59 UTC] PHP Warning:  PHP Startup: Unable to load dynamic library 'php_exif.dll' (tried: C:/Users/Kardum/AppData/Roaming/Local/lightning-services/php-7.4.30+6/bin/win64/ext\php_exif.dll (The specified module could not be found), C:/Users/Kardum/AppData/Roaming/Local/lightning-services/php-7.4.30+6/bin/win64/ext\php_php_exif.dll.dll (The specified module could not be found)) in Unknown on line 0
[20-Dec-2024 23:08:59 UTC] PHP Warning:  PHP Startup: Unable to load dynamic library 'php_gd2.dll' (tried: C:/Users/Kardum/AppData/Roaming/Local/lightning-services/php-7.4.30+6/bin/win64/ext\php_gd2.dll (The specified module could not be found), C:/Users/Kardum/AppData/Roaming/Local/lightning-services/php-7.4.30+6/bin/win64/ext\php_php_gd2.dll.dll (The specified module could not be found)) in Unknown on line 0
[20-Dec-2024 23:08:59 UTC] PHP Warning:  PHP Startup: Unable to load dynamic library 'php_ftp.dll' (tried: C:/Users/Kardum/AppData/Roaming/Local/lightning-services/php-7.4.30+6/bin/win64/ext\php_ftp.dll (The specified module could not be found), C:/Users/Kardum/AppData/Roaming/Local/lightning-services/php-7.4.30+6/bin/win64/ext\php_php_ftp.dll.dll (The specified module could not be found)) in Unknown on line 0
[20-Dec-2024 23:08:59 UTC] PHP Warning:  PHP Startup: Unable to load dynamic library 'php_imap.dll' (tried: C:/Users/Kardum/AppData/Roaming/Local/lightning-services/php-7.4.30+6/bin/win64/ext\php_imap.dll (The specified module could not be found), C:/Users/Kardum/AppData/Roaming/Local/lightning-services/php-7.4.30+6/bin/win64/ext\php_php_imap.dll.dll (The specified module could not be found)) in Unknown on line 0
[20-Dec-2024 23:08:59 UTC] PHP Warning:  PHP Startup: Unable to load dynamic library 'php_bz2.dll' (tried: C:/Users/Kardum/AppData/Roaming/Local/lightning-services/php-7.4.30+6/bin/win64/ext\php_bz2.dll (The specified module could not be found), C:/Users/Kardum/AppData/Roaming/Local/lightning-services/php-7.4.30+6/bin/win64/ext\php_php_bz2.dll.dll (The specified module could not be found)) in Unknown on line 0
[20-Dec-2024 23:08:59 UTC] PHP Warning:  PHP Startup: Unable to load dynamic library 'php_mbstring.dll' (tried: C:/Users/Kardum/AppData/Roaming/Local/lightning-services/php-7.4.30+6/bin/win64/ext\php_mbstring.dll (The specified module could not be found), C:/Users/Kardum/AppData/Roaming/Local/lightning-services/php-7.4.30+6/bin/win64/ext\php_php_mbstring.dll.dll (The specified module could not be found)) in Unknown on line 0
[20-Dec-2024 23:08:59 UTC] PHP Warning:  PHP Startup: Unable to load dynamic library 'php_sodium.dll' (tried: C:/Users/Kardum/AppData/Roaming/Local/lightning-services/php-7.4.30+6/bin/win64/ext\php_sodium.dll (The specified module could not be found), C:/Users/Kardum/AppData/Roaming/Local/lightning-services/php-7.4.30+6/bin/win64/ext\php_php_sodium.dll.dll (The specified module could not be found)) in Unknown on line 0
[20-Dec-2024 23:08:59 UTC] PHP Warning:  PHP Startup: Unable to load dynamic library 'php_tidy.dll' (tried: C:/Users/Kardum/AppData/Roaming/Local/lightning-services/php-7.4.30+6/bin/win64/ext\php_tidy.dll (The specified module could not be found), C:/Users/Kardum/AppData/Roaming/Local/lightning-services/php-7.4.30+6/bin/win64/ext\php_php_tidy.dll.dll (The specified module could not be found)) in Unknown on line 0
[20-Dec-2024 23:08:59 UTC] PHP Warning:  PHP Startup: Unable to load dynamic library 'php_xsl.dll' (tried: C:/Users/Kardum/AppData/Roaming/Local/lightning-services/php-7.4.30+6/bin/win64/ext\php_xsl.dll (The specified module could not be found), C:/Users/Kardum/AppData/Roaming/Local/lightning-services/php-7.4.30+6/bin/win64/ext\php_php_xsl.dll.dll (The specified module could not be found)) in Unknown on line 0
[20-Dec-2024 23:08:59 UTC] PHP Warning:  PHP Startup: Unable to load dynamic library 'php_xmlrpc.dll' (tried: C:/Users/Kardum/AppData/Roaming/Local/lightning-services/php-7.4.30+6/bin/win64/ext\php_xmlrpc.dll (The specified module could not be found), C:/Users/Kardum/AppData/Roaming/Local/lightning-services/php-7.4.30+6/bin/win64/ext\php_php_xmlrpc.dll.dll (The specified module could not be found)) in Unknown on line 0
[20-Dec-2024 23:08:59 UTC] PHP Warning:  PHP Startup: Unable to load dynamic library 'php_soap.dll' (tried: C:/Users/Kardum/AppData/Roaming/Local/lightning-services/php-7.4.30+6/bin/win64/ext\php_soap.dll (The specified module could not be found), C:/Users/Kardum/AppData/Roaming/Local/lightning-services/php-7.4.30+6/bin/win64/ext\php_php_soap.dll.dll (The specified module could not be found)) in Unknown on line 0
[20-Dec-2024 23:08:59 UTC] PHP Warning:  PHP Startup: Unable to load dynamic library 'php_mysqli.dll' (tried: C:/Users/Kardum/AppData/Roaming/Local/lightning-services/php-7.4.30+6/bin/win64/ext\php_mysqli.dll (The specified module could not be found), C:/Users/Kardum/AppData/Roaming/Local/lightning-services/php-7.4.30+6/bin/win64/ext\php_php_mysqli.dll.dll (The specified module could not be found)) in Unknown on line 0
[20-Dec-2024 23:08:59 UTC] PHP Warning:  PHP Startup: Unable to load dynamic library 'php_pdo_mysql.dll' (tried: C:/Users/Kardum/AppData/Roaming/Local/lightning-services/php-7.4.30+6/bin/win64/ext\php_pdo_mysql.dll (The specified module could not be found), C:/Users/Kardum/AppData/Roaming/Local/lightning-services/php-7.4.30+6/bin/win64/ext\php_php_pdo_mysql.dll.dll (The specified module could not be found)) in Unknown on line 0
[20-Dec-2024 23:08:59 UTC] PHP Warning:  PHP Startup: Unable to load dynamic library 'php_intl.dll' (tried: C:/Users/Kardum/AppData/Roaming/Local/lightning-services/php-7.4.30+6/bin/win64/ext\php_intl.dll (The specified module could not be found), C:/Users/Kardum/AppData/Roaming/Local/lightning-services/php-7.4.30+6/bin/win64/ext\php_php_intl.dll.dll (The specified module could not be found)) in Unknown on line 0
[20-Dec-2024 23:08:59 UTC] PHP Warning:  PHP Startup: Unable to load dynamic library 'php_imagick.dll' (tried: C:/Users/Kardum/AppData/Roaming/Local/lightning-services/php-7.4.30+6/bin/win64/ext\php_imagick.dll (The specified module could not be found), C:/Users/Kardum/AppData/Roaming/Local/lightning-services/php-7.4.30+6/bin/win64/ext\php_php_imagick.dll.dll (The specified module could not be found)) in Unknown on line 0
[20-Dec-2024 23:09:13 UTC] PHP Deprecated:  File Theme without header.php is <strong>deprecated</strong> since version 3.0.0 with no alternative available. Please include a header.php template in your theme. in C:\Users\Kardum\Local Sites\4ofthem-test\app\public\wp-includes\functions.php on line 6114
[20-Dec-2024 23:09:13 UTC] PHP Deprecated:  File Theme without footer.php is <strong>deprecated</strong> since version 3.0.0 with no alternative available. Please include a footer.php template in your theme. in C:\Users\Kardum\Local Sites\4ofthem-test\app\public\wp-includes\functions.php on line 6114
[20-Dec-2024 23:09:17 UTC] PHP Deprecated:  File Theme without header.php is <strong>deprecated</strong> since version 3.0.0 with no alternative available. Please include a header.php template in your theme. in C:\Users\Kardum\Local Sites\4ofthem-test\app\public\wp-includes\functions.php on line 6114
[20-Dec-2024 23:09:17 UTC] PHP Deprecated:  File Theme without footer.php is <strong>deprecated</strong> since version 3.0.0 with no alternative available. Please include a footer.php template in your theme. in C:\Users\Kardum\Local Sites\4ofthem-test\app\public\wp-includes\functions.php on line 6114
[20-Dec-2024 23:09:41 UTC] PHP Deprecated:  File Theme without header.php is <strong>deprecated</strong> since version 3.0.0 with no alternative available. Please include a header.php template in your theme. in C:\Users\Kardum\Local Sites\4ofthem-test\app\public\wp-includes\functions.php on line 6114
[20-Dec-2024 23:09:41 UTC] PHP Deprecated:  File Theme without footer.php is <strong>deprecated</strong> since version 3.0.0 with no alternative available. Please include a footer.php template in your theme. in C:\Users\Kardum\Local Sites\4ofthem-test\app\public\wp-includes\functions.php on line 6114
[20-Dec-2024 23:09:43 UTC] PHP Deprecated:  File Theme without header.php is <strong>deprecated</strong> since version 3.0.0 with no alternative available. Please include a header.php template in your theme. in C:\Users\Kardum\Local Sites\4ofthem-test\app\public\wp-includes\functions.php on line 6114
[20-Dec-2024 23:09:43 UTC] PHP Deprecated:  File Theme without footer.php is <strong>deprecated</strong> since version 3.0.0 with no alternative available. Please include a footer.php template in your theme. in C:\Users\Kardum\Local Sites\4ofthem-test\app\public\wp-includes\functions.php on line 6114
[20-Dec-2024 23:11:41 UTC] PHP Deprecated:  File Theme without header.php is <strong>deprecated</strong> since version 3.0.0 with no alternative available. Please include a header.php template in your theme. in C:\Users\Kardum\Local Sites\4ofthem-test\app\public\wp-includes\functions.php on line 6114
[20-Dec-2024 23:11:41 UTC] PHP Deprecated:  File Theme without footer.php is <strong>deprecated</strong> since version 3.0.0 with no alternative available. Please include a footer.php template in your theme. in C:\Users\Kardum\Local Sites\4ofthem-test\app\public\wp-includes\functions.php on line 6114
[20-Dec-2024 23:13:11 UTC] PHP Deprecated:  File Theme without header.php is <strong>deprecated</strong> since version 3.0.0 with no alternative available. Please include a header.php template in your theme. in C:\Users\Kardum\Local Sites\4ofthem-test\app\public\wp-includes\functions.php on line 6114
[20-Dec-2024 23:13:11 UTC] PHP Deprecated:  File Theme without footer.php is <strong>deprecated</strong> since version 3.0.0 with no alternative available. Please include a footer.php template in your theme. in C:\Users\Kardum\Local Sites\4ofthem-test\app\public\wp-includes\functions.php on line 6114
[20-Dec-2024 23:13:26 UTC] PHP Deprecated:  File Theme without header.php is <strong>deprecated</strong> since version 3.0.0 with no alternative available. Please include a header.php template in your theme. in C:\Users\Kardum\Local Sites\4ofthem-test\app\public\wp-includes\functions.php on line 6114
[20-Dec-2024 23:13:26 UTC] PHP Deprecated:  File Theme without footer.php is <strong>deprecated</strong> since version 3.0.0 with no alternative available. Please include a footer.php template in your theme. in C:\Users\Kardum\Local Sites\4ofthem-test\app\public\wp-includes\functions.php on line 6114
[21-Dec-2024 19:32:42 UTC] PHP Fatal error:  Cannot redeclare movie_shortcodes_metabox() (previously declared in C:\Users\Kardum\Local Sites\4ofthem-test\app\public\wp-content\plugins\movie-plugin\movie-plugin.php:471) in C:\Users\Kardum\Local Sites\4ofthem-test\app\public\wp-content\plugins\movie-plugin\movie-plugin.php on line 491
[21-Dec-2024 19:32:49 UTC] PHP Fatal error:  Cannot redeclare movie_shortcodes_metabox() (previously declared in C:\Users\Kardum\Local Sites\4ofthem-test\app\public\wp-content\plugins\movie-plugin\movie-plugin.php:471) in C:\Users\Kardum\Local Sites\4ofthem-test\app\public\wp-content\plugins\movie-plugin\movie-plugin.php on line 491
[21-Dec-2024 19:32:55 UTC] PHP Fatal error:  Cannot redeclare movie_shortcodes_metabox() (previously declared in C:\Users\Kardum\Local Sites\4ofthem-test\app\public\wp-content\plugins\movie-plugin\movie-plugin.php:471) in C:\Users\Kardum\Local Sites\4ofthem-test\app\public\wp-content\plugins\movie-plugin\movie-plugin.php on line 491
[21-Dec-2024 19:33:01 UTC] PHP Fatal error:  Cannot redeclare movie_shortcodes_metabox() (previously declared in C:\Users\Kardum\Local Sites\4ofthem-test\app\public\wp-content\plugins\movie-plugin\movie-plugin.php:471) in C:\Users\Kardum\Local Sites\4ofthem-test\app\public\wp-content\plugins\movie-plugin\movie-plugin.php on line 491
[21-Dec-2024 19:33:07 UTC] PHP Fatal error:  Cannot redeclare movie_shortcodes_metabox() (previously declared in C:\Users\Kardum\Local Sites\4ofthem-test\app\public\wp-content\plugins\movie-plugin\movie-plugin.php:471) in C:\Users\Kardum\Local Sites\4ofthem-test\app\public\wp-content\plugins\movie-plugin\movie-plugin.php on line 491
[21-Dec-2024 19:33:14 UTC] PHP Fatal error:  Cannot redeclare movie_shortcodes_metabox() (previously declared in C:\Users\Kardum\Local Sites\4ofthem-test\app\public\wp-content\plugins\movie-plugin\movie-plugin.php:471) in C:\Users\Kardum\Local Sites\4ofthem-test\app\public\wp-content\plugins\movie-plugin\movie-plugin.php on line 491
[21-Dec-2024 19:33:47 UTC] PHP Fatal error:  Cannot redeclare movie_shortcodes_metabox() (previously declared in C:\Users\Kardum\Local Sites\4ofthem-test\app\public\wp-content\plugins\movie-plugin\movie-plugin.php:471) in C:\Users\Kardum\Local Sites\4ofthem-test\app\public\wp-content\plugins\movie-plugin\movie-plugin.php on line 491
[21-Dec-2024 19:33:47 UTC] PHP Fatal error:  Cannot redeclare movie_shortcodes_metabox() (previously declared in C:\Users\Kardum\Local Sites\4ofthem-test\app\public\wp-content\plugins\movie-plugin\movie-plugin.php:471) in C:\Users\Kardum\Local Sites\4ofthem-test\app\public\wp-content\plugins\movie-plugin\movie-plugin.php on line 491
[21-Dec-2024 19:34:28 UTC] PHP Fatal error:  Cannot redeclare movie_shortcodes_metabox() (previously declared in C:\Users\Kardum\Local Sites\4ofthem-test\app\public\wp-content\plugins\movie-plugin\movie-plugin.php:471) in C:\Users\Kardum\Local Sites\4ofthem-test\app\public\wp-content\plugins\movie-plugin\movie-plugin.php on line 491
[21-Dec-2024 19:35:07 UTC] PHP Fatal error:  Cannot redeclare movie_shortcodes_metabox() (previously declared in C:\Users\Kardum\Local Sites\4ofthem-test\app\public\wp-content\plugins\movie-plugin\movie-plugin.php:471) in C:\Users\Kardum\Local Sites\4ofthem-test\app\public\wp-content\plugins\movie-plugin\movie-plugin.php on line 491
[21-Dec-2024 19:35:14 UTC] PHP Fatal error:  Cannot redeclare movie_shortcodes_metabox() (previously declared in C:\Users\Kardum\Local Sites\4ofthem-test\app\public\wp-content\plugins\movie-plugin\movie-plugin.php:471) in C:\Users\Kardum\Local Sites\4ofthem-test\app\public\wp-content\plugins\movie-plugin\movie-plugin.php on line 491
[21-Dec-2024 19:35:31 UTC] PHP Fatal error:  Cannot redeclare movie_shortcodes_metabox() (previously declared in C:\Users\Kardum\Local Sites\4ofthem-test\app\public\wp-content\plugins\movie-plugin\movie-plugin.php:471) in C:\Users\Kardum\Local Sites\4ofthem-test\app\public\wp-content\plugins\movie-plugin\movie-plugin.php on line 491
[21-Dec-2024 19:35:32 UTC] PHP Fatal error:  Cannot redeclare movie_shortcodes_metabox() (previously declared in C:\Users\Kardum\Local Sites\4ofthem-test\app\public\wp-content\plugins\movie-plugin\movie-plugin.php:471) in C:\Users\Kardum\Local Sites\4ofthem-test\app\public\wp-content\plugins\movie-plugin\movie-plugin.php on line 491
[21-Dec-2024 19:35:32 UTC] PHP Fatal error:  Cannot redeclare movie_shortcodes_metabox() (previously declared in C:\Users\Kardum\Local Sites\4ofthem-test\app\public\wp-content\plugins\movie-plugin\movie-plugin.php:471) in C:\Users\Kardum\Local Sites\4ofthem-test\app\public\wp-content\plugins\movie-plugin\movie-plugin.php on line 491
[21-Dec-2024 19:35:34 UTC] PHP Fatal error:  Cannot redeclare movie_shortcodes_metabox() (previously declared in C:\Users\Kardum\Local Sites\4ofthem-test\app\public\wp-content\plugins\movie-plugin\movie-plugin.php:471) in C:\Users\Kardum\Local Sites\4ofthem-test\app\public\wp-content\plugins\movie-plugin\movie-plugin.php on line 491
[21-Dec-2024 19:35:48 UTC] PHP Fatal error:  Cannot redeclare movie_shortcodes_metabox() (previously declared in C:\Users\Kardum\Local Sites\4ofthem-test\app\public\wp-content\plugins\movie-plugin\movie-plugin.php:471) in C:\Users\Kardum\Local Sites\4ofthem-test\app\public\wp-content\plugins\movie-plugin\movie-plugin.php on line 491
[21-Dec-2024 19:35:49 UTC] PHP Fatal error:  Cannot redeclare movie_shortcodes_metabox() (previously declared in C:\Users\Kardum\Local Sites\4ofthem-test\app\public\wp-content\plugins\movie-plugin\movie-plugin.php:471) in C:\Users\Kardum\Local Sites\4ofthem-test\app\public\wp-content\plugins\movie-plugin\movie-plugin.php on line 491
[21-Dec-2024 19:35:55 UTC] PHP Fatal error:  Cannot redeclare movie_shortcodes_metabox() (previously declared in C:\Users\Kardum\Local Sites\4ofthem-test\app\public\wp-content\plugins\movie-plugin\movie-plugin.php:471) in C:\Users\Kardum\Local Sites\4ofthem-test\app\public\wp-content\plugins\movie-plugin\movie-plugin.php on line 491
[21-Dec-2024 19:35:56 UTC] PHP Fatal error:  Cannot redeclare movie_shortcodes_metabox() (previously declared in C:\Users\Kardum\Local Sites\4ofthem-test\app\public\wp-content\plugins\movie-plugin\movie-plugin.php:471) in C:\Users\Kardum\Local Sites\4ofthem-test\app\public\wp-content\plugins\movie-plugin\movie-plugin.php on line 491
[21-Dec-2024 19:35:56 UTC] PHP Fatal error:  Cannot redeclare movie_shortcodes_metabox() (previously declared in C:\Users\Kardum\Local Sites\4ofthem-test\app\public\wp-content\plugins\movie-plugin\movie-plugin.php:471) in C:\Users\Kardum\Local Sites\4ofthem-test\app\public\wp-content\plugins\movie-plugin\movie-plugin.php on line 491
[21-Dec-2024 19:36:08 UTC] PHP Fatal error:  Cannot redeclare movie_shortcodes_metabox() (previously declared in C:\Users\Kardum\Local Sites\4ofthem-test\app\public\wp-content\plugins\movie-plugin\movie-plugin.php:471) in C:\Users\Kardum\Local Sites\4ofthem-test\app\public\wp-content\plugins\movie-plugin\movie-plugin.php on line 491
[21-Dec-2024 19:36:08 UTC] PHP Fatal error:  Cannot redeclare movie_shortcodes_metabox() (previously declared in C:\Users\Kardum\Local Sites\4ofthem-test\app\public\wp-content\plugins\movie-plugin\movie-plugin.php:471) in C:\Users\Kardum\Local Sites\4ofthem-test\app\public\wp-content\plugins\movie-plugin\movie-plugin.php on line 491
[21-Dec-2024 19:36:09 UTC] PHP Fatal error:  Cannot redeclare movie_shortcodes_metabox() (previously declared in C:\Users\Kardum\Local Sites\4ofthem-test\app\public\wp-content\plugins\movie-plugin\movie-plugin.php:471) in C:\Users\Kardum\Local Sites\4ofthem-test\app\public\wp-content\plugins\movie-plugin\movie-plugin.php on line 491
[21-Dec-2024 19:36:09 UTC] PHP Fatal error:  Cannot redeclare movie_shortcodes_metabox() (previously declared in C:\Users\Kardum\Local Sites\4ofthem-test\app\public\wp-content\plugins\movie-plugin\movie-plugin.php:471) in C:\Users\Kardum\Local Sites\4ofthem-test\app\public\wp-content\plugins\movie-plugin\movie-plugin.php on line 491
[21-Dec-2024 19:36:11 UTC] PHP Fatal error:  Cannot redeclare movie_shortcodes_metabox() (previously declared in C:\Users\Kardum\Local Sites\4ofthem-test\app\public\wp-content\plugins\movie-plugin\movie-plugin.php:471) in C:\Users\Kardum\Local Sites\4ofthem-test\app\public\wp-content\plugins\movie-plugin\movie-plugin.php on line 491
[21-Dec-2024 19:36:19 UTC] PHP Fatal error:  Cannot redeclare movie_shortcodes_metabox() (previously declared in C:\Users\Kardum\Local Sites\4ofthem-test\app\public\wp-content\plugins\movie-plugin\movie-plugin.php:471) in C:\Users\Kardum\Local Sites\4ofthem-test\app\public\wp-content\plugins\movie-plugin\movie-plugin.php on line 491
[21-Dec-2024 19:36:21 UTC] PHP Fatal error:  Cannot redeclare movie_shortcodes_metabox() (previously declared in C:\Users\Kardum\Local Sites\4ofthem-test\app\public\wp-content\plugins\movie-plugin\movie-plugin.php:471) in C:\Users\Kardum\Local Sites\4ofthem-test\app\public\wp-content\plugins\movie-plugin\movie-plugin.php on line 491
[21-Dec-2024 19:36:22 UTC] PHP Fatal error:  Cannot redeclare movie_shortcodes_metabox() (previously declared in C:\Users\Kardum\Local Sites\4ofthem-test\app\public\wp-content\plugins\movie-plugin\movie-plugin.php:471) in C:\Users\Kardum\Local Sites\4ofthem-test\app\public\wp-content\plugins\movie-plugin\movie-plugin.php on line 491
[21-Dec-2024 19:36:22 UTC] PHP Fatal error:  Cannot redeclare movie_shortcodes_metabox() (previously declared in C:\Users\Kardum\Local Sites\4ofthem-test\app\public\wp-content\plugins\movie-plugin\movie-plugin.php:471) in C:\Users\Kardum\Local Sites\4ofthem-test\app\public\wp-content\plugins\movie-plugin\movie-plugin.php on line 491
[21-Dec-2024 21:10:25 UTC] PHP Fatal error:  Uncaught Error: Call to undefined function get_field() in C:\Users\Kardum\Local Sites\4ofthem-test\app\public\wp-content\plugins\movie-plugin\templates\single-movie.php:18
Stack trace:
#0 C:\Users\Kardum\Local Sites\4ofthem-test\app\public\wp-includes\template-loader.php(106): include()
#1 C:\Users\Kardum\Local Sites\4ofthem-test\app\public\wp-blog-header.php(19): require_once('C:\\Users\\Kardum...')
#2 C:\Users\Kardum\Local Sites\4ofthem-test\app\public\index.php(17): require('C:\\Users\\Kardum...')
#3 {main}
  thrown in C:\Users\Kardum\Local Sites\4ofthem-test\app\public\wp-content\plugins\movie-plugin\templates\single-movie.php on line 18
[21-Dec-2024 21:10:28 UTC] PHP Fatal error:  Uncaught Error: Call to undefined function get_field() in C:\Users\Kardum\Local Sites\4ofthem-test\app\public\wp-content\plugins\movie-plugin\templates\single-movie.php:18
Stack trace:
#0 C:\Users\Kardum\Local Sites\4ofthem-test\app\public\wp-includes\template-loader.php(106): include()
#1 C:\Users\Kardum\Local Sites\4ofthem-test\app\public\wp-blog-header.php(19): require_once('C:\\Users\\Kardum...')
#2 C:\Users\Kardum\Local Sites\4ofthem-test\app\public\index.php(17): require('C:\\Users\\Kardum...')
#3 {main}
  thrown in C:\Users\Kardum\Local Sites\4ofthem-test\app\public\wp-content\plugins\movie-plugin\templates\single-movie.php on line 18
[21-Dec-2024 23:30:34 UTC] PHP Fatal error:  Uncaught TypeError: call_user_func(): Argument #1 ($callback) must be a valid callback, function "render_movie_metabox" not found or invalid function name in C:\Users\Kardum\Local Sites\4ofthem-test\app\public\wp-admin\includes\template.php:1456
Stack trace:
#0 C:\Users\Kardum\Local Sites\4ofthem-test\app\public\wp-admin\edit-form-advanced.php(722): do_meta_boxes(Object(WP_Screen), 'normal', Object(WP_Post))
#1 C:\Users\Kardum\Local Sites\4ofthem-test\app\public\wp-admin\post.php(206): require('C:\\Users\\Kardum...')
#2 {main}
  thrown in C:\Users\Kardum\Local Sites\4ofthem-test\app\public\wp-admin\includes\template.php on line 1456
[21-Dec-2024 23:30:49 UTC] PHP Fatal error:  Uncaught TypeError: call_user_func(): Argument #1 ($callback) must be a valid callback, function "render_movie_metabox" not found or invalid function name in C:\Users\Kardum\Local Sites\4ofthem-test\app\public\wp-admin\includes\template.php:1456
Stack trace:
#0 C:\Users\Kardum\Local Sites\4ofthem-test\app\public\wp-admin\edit-form-advanced.php(722): do_meta_boxes(Object(WP_Screen), 'normal', Object(WP_Post))
#1 C:\Users\Kardum\Local Sites\4ofthem-test\app\public\wp-admin\post.php(206): require('C:\\Users\\Kardum...')
#2 {main}
  thrown in C:\Users\Kardum\Local Sites\4ofthem-test\app\public\wp-admin\includes\template.php on line 1456
[21-Dec-2024 23:30:50 UTC] PHP Fatal error:  Uncaught TypeError: call_user_func(): Argument #1 ($callback) must be a valid callback, function "render_movie_metabox" not found or invalid function name in C:\Users\Kardum\Local Sites\4ofthem-test\app\public\wp-admin\includes\template.php:1456
Stack trace:
#0 C:\Users\Kardum\Local Sites\4ofthem-test\app\public\wp-admin\edit-form-advanced.php(722): do_meta_boxes(Object(WP_Screen), 'normal', Object(WP_Post))
#1 C:\Users\Kardum\Local Sites\4ofthem-test\app\public\wp-admin\post.php(206): require('C:\\Users\\Kardum...')
#2 {main}
  thrown in C:\Users\Kardum\Local Sites\4ofthem-test\app\public\wp-admin\includes\template.php on line 1456
[22-Dec-2024 00:53:14 UTC] PHP Parse error:  Unmatched '}' in C:\Users\Kardum\Local Sites\4ofthem-test\app\public\wp-content\plugins\movie-plugin\movie-plugin.php on line 601
[22-Dec-2024 00:53:15 UTC] PHP Parse error:  Unmatched '}' in C:\Users\Kardum\Local Sites\4ofthem-test\app\public\wp-content\plugins\movie-plugin\movie-plugin.php on line 601
[22-Dec-2024 00:53:15 UTC] PHP Parse error:  Unmatched '}' in C:\Users\Kardum\Local Sites\4ofthem-test\app\public\wp-content\plugins\movie-plugin\movie-plugin.php on line 601
[22-Dec-2024 00:53:15 UTC] PHP Parse error:  Unmatched '}' in C:\Users\Kardum\Local Sites\4ofthem-test\app\public\wp-content\plugins\movie-plugin\movie-plugin.php on line 601
[22-Dec-2024 00:53:39 UTC] PHP Warning:  Undefined variable $args in C:\Users\Kardum\Local Sites\4ofthem-test\app\public\wp-content\plugins\movie-plugin\movie-plugin.php on line 585
[22-Dec-2024 00:53:40 UTC] PHP Warning:  Undefined variable $args in C:\Users\Kardum\Local Sites\4ofthem-test\app\public\wp-content\plugins\movie-plugin\movie-plugin.php on line 585
[22-Dec-2024 00:53:42 UTC] PHP Warning:  Undefined variable $args in C:\Users\Kardum\Local Sites\4ofthem-test\app\public\wp-content\plugins\movie-plugin\movie-plugin.php on line 585
[22-Dec-2024 00:53:42 UTC] PHP Warning:  Undefined variable $args in C:\Users\Kardum\Local Sites\4ofthem-test\app\public\wp-content\plugins\movie-plugin\movie-plugin.php on line 585
[22-Dec-2024 00:53:44 UTC] PHP Warning:  Undefined variable $args in C:\Users\Kardum\Local Sites\4ofthem-test\app\public\wp-content\plugins\movie-plugin\movie-plugin.php on line 585
[22-Dec-2024 00:53:45 UTC] PHP Warning:  Undefined variable $args in C:\Users\Kardum\Local Sites\4ofthem-test\app\public\wp-content\plugins\movie-plugin\movie-plugin.php on line 585
[22-Dec-2024 00:53:47 UTC] PHP Warning:  Undefined variable $args in C:\Users\Kardum\Local Sites\4ofthem-test\app\public\wp-content\plugins\movie-plugin\movie-plugin.php on line 585
[22-Dec-2024 00:53:47 UTC] PHP Warning:  Undefined variable $args in C:\Users\Kardum\Local Sites\4ofthem-test\app\public\wp-content\plugins\movie-plugin\movie-plugin.php on line 585
[22-Dec-2024 00:53:48 UTC] PHP Warning:  Undefined variable $args in C:\Users\Kardum\Local Sites\4ofthem-test\app\public\wp-content\plugins\movie-plugin\movie-plugin.php on line 585
[22-Dec-2024 00:53:51 UTC] PHP Warning:  Undefined variable $args in C:\Users\Kardum\Local Sites\4ofthem-test\app\public\wp-content\plugins\movie-plugin\movie-plugin.php on line 585
[22-Dec-2024 00:53:51 UTC] PHP Warning:  Undefined variable $args in C:\Users\Kardum\Local Sites\4ofthem-test\app\public\wp-content\plugins\movie-plugin\movie-plugin.php on line 585
[22-Dec-2024 00:53:52 UTC] PHP Warning:  Undefined variable $args in C:\Users\Kardum\Local Sites\4ofthem-test\app\public\wp-content\plugins\movie-plugin\movie-plugin.php on line 585
[22-Dec-2024 00:54:04 UTC] PHP Warning:  Undefined variable $args in C:\Users\Kardum\Local Sites\4ofthem-test\app\public\wp-content\plugins\movie-plugin\movie-plugin.php on line 585
[22-Dec-2024 00:54:52 UTC] PHP Warning:  Undefined variable $args in C:\Users\Kardum\Local Sites\4ofthem-test\app\public\wp-content\plugins\movie-plugin\movie-plugin.php on line 585
[22-Dec-2024 00:56:53 UTC] PHP Warning:  Undefined variable $args in C:\Users\Kardum\Local Sites\4ofthem-test\app\public\wp-content\plugins\movie-plugin\movie-plugin.php on line 585
[22-Dec-2024 01:01:53 UTC] PHP Parse error:  Unmatched '}' in C:\Users\Kardum\Local Sites\4ofthem-test\app\public\wp-content\plugins\movie-plugin\movie-plugin.php on line 601
[22-Dec-2024 01:01:53 UTC] PHP Parse error:  Unmatched '}' in C:\Users\Kardum\Local Sites\4ofthem-test\app\public\wp-content\plugins\movie-plugin\movie-plugin.php on line 601
[22-Dec-2024 01:02:01 UTC] PHP Warning:  Undefined variable $args in C:\Users\Kardum\Local Sites\4ofthem-test\app\public\wp-content\plugins\movie-plugin\movie-plugin.php on line 585
[22-Dec-2024 01:02:02 UTC] PHP Warning:  Undefined variable $args in C:\Users\Kardum\Local Sites\4ofthem-test\app\public\wp-content\plugins\movie-plugin\movie-plugin.php on line 585
[22-Dec-2024 01:02:04 UTC] PHP Warning:  Undefined variable $args in C:\Users\Kardum\Local Sites\4ofthem-test\app\public\wp-content\plugins\movie-plugin\movie-plugin.php on line 585
[22-Dec-2024 01:02:05 UTC] PHP Warning:  Undefined variable $args in C:\Users\Kardum\Local Sites\4ofthem-test\app\public\wp-content\plugins\movie-plugin\movie-plugin.php on line 585
[22-Dec-2024 01:02:05 UTC] PHP Warning:  Undefined variable $args in C:\Users\Kardum\Local Sites\4ofthem-test\app\public\wp-content\plugins\movie-plugin\movie-plugin.php on line 585
[22-Dec-2024 01:02:05 UTC] PHP Warning:  Undefined variable $args in C:\Users\Kardum\Local Sites\4ofthem-test\app\public\wp-content\plugins\movie-plugin\movie-plugin.php on line 585
[22-Dec-2024 01:59:52 UTC] AJAX Filter Script URL: http://movie-plugin/wp-content/plugins/movie-plugin/templates/assets/ajax_filter_movies.js
[22-Dec-2024 01:59:56 UTC] AJAX Filter Script URL: http://movie-plugin/wp-content/plugins/movie-plugin/templates/assets/ajax_filter_movies.js
[22-Dec-2024 01:59:58 UTC] AJAX Filter Script URL: http://movie-plugin/wp-content/plugins/movie-plugin/templates/assets/ajax_filter_movies.js
[22-Dec-2024 02:00:39 UTC] AJAX Filter Script URL: http://movie-plugin/wp-content/plugins/movie-plugin/templates/assets/ajax_filter_movies.js
[22-Dec-2024 02:15:21 UTC] PHP Fatal error:  Allowed memory size of 268435456 bytes exhausted (tried to allocate 130039808 bytes) in C:\Users\Kardum\Local Sites\4ofthem-test\app\public\wp-includes\post-thumbnail-template.php on line 92
[22-Dec-2024 02:16:18 UTC] PHP Parse error:  syntax error, unexpected token "}" in C:\Users\Kardum\Local Sites\4ofthem-test\app\public\wp-content\plugins\movie-plugin\movie-plugin.php on line 313
[22-Dec-2024 02:16:18 UTC] PHP Parse error:  syntax error, unexpected token "}" in C:\Users\Kardum\Local Sites\4ofthem-test\app\public\wp-content\plugins\movie-plugin\movie-plugin.php on line 313
[22-Dec-2024 02:16:30 UTC] PHP Parse error:  syntax error, unexpected token "}" in C:\Users\Kardum\Local Sites\4ofthem-test\app\public\wp-content\plugins\movie-plugin\movie-plugin.php on line 314
[22-Dec-2024 02:16:30 UTC] PHP Parse error:  syntax error, unexpected token "}" in C:\Users\Kardum\Local Sites\4ofthem-test\app\public\wp-content\plugins\movie-plugin\movie-plugin.php on line 314
[22-Dec-2024 02:18:17 UTC] PHP Parse error:  syntax error, unexpected token "}" in C:\Users\Kardum\Local Sites\4ofthem-test\app\public\wp-content\plugins\movie-plugin\movie-plugin.php on line 320
[22-Dec-2024 02:18:17 UTC] PHP Parse error:  syntax error, unexpected token "}" in C:\Users\Kardum\Local Sites\4ofthem-test\app\public\wp-content\plugins\movie-plugin\movie-plugin.php on line 320
[22-Dec-2024 02:18:19 UTC] PHP Parse error:  syntax error, unexpected token "}" in C:\Users\Kardum\Local Sites\4ofthem-test\app\public\wp-content\plugins\movie-plugin\movie-plugin.php on line 320
